[2025-01-28 14:12:40Z INFO HostContext] No proxy settings were found based on environmental variables (http_proxy/https_proxy/HTTP_PROXY/HTTPS_PROXY)
[2025-01-28 14:12:40Z INFO HostContext] Well known directory 'Bin': '/Users/macpro/demo/terraform/diplom-eks/actions-runner/bin'
[2025-01-28 14:12:40Z INFO HostContext] Well known directory 'Root': '/Users/macpro/demo/terraform/diplom-eks/actions-runner'
[2025-01-28 14:12:40Z INFO HostContext] Well known config file 'Credentials': '/Users/macpro/demo/terraform/diplom-eks/actions-runner/.credentials'
[2025-01-28 14:12:40Z INFO HostContext] Well known directory 'Bin': '/Users/macpro/demo/terraform/diplom-eks/actions-runner/bin'
[2025-01-28 14:12:40Z INFO HostContext] Well known directory 'Root': '/Users/macpro/demo/terraform/diplom-eks/actions-runner'
[2025-01-28 14:12:40Z INFO HostContext] Well known config file 'Runner': '/Users/macpro/demo/terraform/diplom-eks/actions-runner/.runner'
[2025-01-28 14:12:40Z INFO Listener] Runner is built for OSX (Arm64) - osx-arm64.
[2025-01-28 14:12:40Z INFO Listener] RuntimeInformation: Darwin 24.1.0 Darwin Kernel Version 24.1.0: Thu Oct 10 21:03:15 PDT 2024; root:xnu-11215.41.3~2/RELEASE_ARM64_T6000.
[2025-01-28 14:12:40Z INFO Listener] Version: 2.322.0
[2025-01-28 14:12:40Z INFO Listener] Commit: 0edc478ca75d0a753dcbcec7405f3f26db67b1ac
[2025-01-28 14:12:40Z INFO Listener] Culture: ru-BY
[2025-01-28 14:12:40Z INFO Listener] UI Culture: ru-BY
[2025-01-28 14:12:40Z INFO HostContext] Well known directory 'Bin': '/Users/macpro/demo/terraform/diplom-eks/actions-runner/bin'
[2025-01-28 14:12:40Z INFO HostContext] Well known directory 'Root': '/Users/macpro/demo/terraform/diplom-eks/actions-runner'
[2025-01-28 14:12:40Z INFO Listener] Validating directory permissions for: '/Users/macpro/demo/terraform/diplom-eks/actions-runner'
[2025-01-28 14:12:40Z INFO CommandLineParser] Parse
[2025-01-28 14:12:40Z INFO CommandLineParser] Parsing 1 args
[2025-01-28 14:12:40Z INFO CommandLineParser] parsing argument
[2025-01-28 14:12:40Z INFO CommandLineParser] HasArgs: False
[2025-01-28 14:12:40Z INFO CommandLineParser] Adding Command: run
[2025-01-28 14:12:40Z INFO Listener] Arguments parsed
[2025-01-28 14:12:40Z INFO Runner] ExecuteCommand
[2025-01-28 14:12:40Z INFO ConfigurationStore] currentAssemblyLocation: /Users/macpro/demo/terraform/diplom-eks/actions-runner/bin/Runner.Listener.dll
[2025-01-28 14:12:40Z INFO HostContext] Well known directory 'Bin': '/Users/macpro/demo/terraform/diplom-eks/actions-runner/bin'
[2025-01-28 14:12:40Z INFO ConfigurationStore] binPath: /Users/macpro/demo/terraform/diplom-eks/actions-runner/bin
[2025-01-28 14:12:40Z INFO HostContext] Well known directory 'Bin': '/Users/macpro/demo/terraform/diplom-eks/actions-runner/bin'
[2025-01-28 14:12:40Z INFO HostContext] Well known directory 'Root': '/Users/macpro/demo/terraform/diplom-eks/actions-runner'
[2025-01-28 14:12:40Z INFO ConfigurationStore] RootFolder: /Users/macpro/demo/terraform/diplom-eks/actions-runner
[2025-01-28 14:12:40Z INFO HostContext] Well known directory 'Bin': '/Users/macpro/demo/terraform/diplom-eks/actions-runner/bin'
[2025-01-28 14:12:40Z INFO HostContext] Well known directory 'Root': '/Users/macpro/demo/terraform/diplom-eks/actions-runner'
[2025-01-28 14:12:40Z INFO HostContext] Well known config file 'Runner': '/Users/macpro/demo/terraform/diplom-eks/actions-runner/.runner'
[2025-01-28 14:12:40Z INFO ConfigurationStore] ConfigFilePath: /Users/macpro/demo/terraform/diplom-eks/actions-runner/.runner
[2025-01-28 14:12:40Z INFO HostContext] Well known directory 'Bin': '/Users/macpro/demo/terraform/diplom-eks/actions-runner/bin'
[2025-01-28 14:12:40Z INFO HostContext] Well known directory 'Root': '/Users/macpro/demo/terraform/diplom-eks/actions-runner'
[2025-01-28 14:12:40Z INFO HostContext] Well known config file 'Credentials': '/Users/macpro/demo/terraform/diplom-eks/actions-runner/.credentials'
[2025-01-28 14:12:40Z INFO ConfigurationStore] CredFilePath: /Users/macpro/demo/terraform/diplom-eks/actions-runner/.credentials
[2025-01-28 14:12:40Z INFO HostContext] Well known directory 'Bin': '/Users/macpro/demo/terraform/diplom-eks/actions-runner/bin'
[2025-01-28 14:12:40Z INFO HostContext] Well known directory 'Root': '/Users/macpro/demo/terraform/diplom-eks/actions-runner'
[2025-01-28 14:12:40Z INFO HostContext] Well known config file 'MigratedCredentials': '/Users/macpro/demo/terraform/diplom-eks/actions-runner/.credentials_migrated'
[2025-01-28 14:12:40Z INFO ConfigurationStore] MigratedCredFilePath: /Users/macpro/demo/terraform/diplom-eks/actions-runner/.credentials_migrated
[2025-01-28 14:12:40Z INFO HostContext] Well known directory 'Bin': '/Users/macpro/demo/terraform/diplom-eks/actions-runner/bin'
[2025-01-28 14:12:40Z INFO HostContext] Well known directory 'Root': '/Users/macpro/demo/terraform/diplom-eks/actions-runner'
[2025-01-28 14:12:40Z INFO HostContext] Well known config file 'Service': '/Users/macpro/demo/terraform/diplom-eks/actions-runner/.service'
[2025-01-28 14:12:40Z INFO ConfigurationStore] ServiceConfigFilePath: /Users/macpro/demo/terraform/diplom-eks/actions-runner/.service
[2025-01-28 14:12:40Z INFO CommandSettings] Flag 'help': 'False'
[2025-01-28 14:12:40Z INFO CommandSettings] Flag 'version': 'False'
[2025-01-28 14:12:40Z INFO CommandSettings] Flag 'commit': 'False'
[2025-01-28 14:12:40Z INFO CommandSettings] Flag 'check': 'False'
[2025-01-28 14:12:40Z INFO CommandSettings] Command 'configure': 'False'
[2025-01-28 14:12:40Z INFO CommandSettings] Command 'remove': 'False'
[2025-01-28 14:12:40Z INFO CommandSettings] Command 'warmup': 'False'
[2025-01-28 14:12:40Z INFO ConfigurationManager] LoadSettings
[2025-01-28 14:12:40Z INFO ConfigurationStore] IsConfigured()
[2025-01-28 14:12:40Z INFO ConfigurationStore] IsConfigured: True
[2025-01-28 14:12:40Z INFO ConfigurationManager] Is configured: True
[2025-01-28 14:12:40Z INFO ConfigurationStore] Read setting file: 304 chars
[2025-01-28 14:12:40Z INFO ConfigurationManager] Settings Loaded
[2025-01-28 14:12:40Z INFO ConfigurationStore] IsServiceConfigured()
[2025-01-28 14:12:40Z INFO ConfigurationStore] IsServiceConfigured: False
[2025-01-28 14:12:40Z INFO CommandSettings] Command 'run': 'True'
[2025-01-28 14:12:40Z INFO ConfigurationStore] IsConfigured()
[2025-01-28 14:12:40Z INFO ConfigurationStore] IsConfigured: True
[2025-01-28 14:12:40Z INFO ConfigurationManager] Is configured: True
[2025-01-28 14:12:40Z INFO Runner] Could not parse the argument value '' for StartupType. Defaulting to Manual
[2025-01-28 14:12:40Z INFO Runner] Set runner startup type - Manual
[2025-01-28 14:12:40Z INFO CommandSettings] Flag 'once': 'False'
[2025-01-28 14:12:40Z INFO CommandSettings] Flag 'once': 'False'
[2025-01-28 14:12:40Z INFO Runner] RunAsync
[2025-01-28 14:12:40Z INFO ConfigurationManager] LoadSettings
[2025-01-28 14:12:40Z INFO ConfigurationStore] IsConfigured()
[2025-01-28 14:12:40Z INFO ConfigurationStore] IsConfigured: True
[2025-01-28 14:12:40Z INFO ConfigurationManager] Is configured: True
[2025-01-28 14:12:40Z INFO ConfigurationManager] Settings Loaded
[2025-01-28 14:12:40Z INFO MessageListener] {
  "AgentId": 2,
  "AgentName": "fastapi-eks-runner",
  "PoolId": 1,
  "PoolName": "Default",
  "ServerUrl": "https://pipelinesghubeus25.actions.githubusercontent.com/i4gSBNQh7aUq3UEa5s2PwiWSlUcWrNBJU7Ljvk0wOc5FzIpr3x/",
  "GitHubUrl": "https://github.com/Flaxeny/fastapi-eks",
  "WorkFolder": "_work"
}
[2025-01-28 14:12:40Z INFO MessageListener] Loading Credentials
[2025-01-28 14:12:40Z INFO ConfigurationStore] HasCredentials()
[2025-01-28 14:12:40Z INFO ConfigurationStore] stored True
[2025-01-28 14:12:40Z INFO CredentialManager] GetCredentialProvider
[2025-01-28 14:12:40Z INFO CredentialManager] Creating type OAuth
[2025-01-28 14:12:40Z INFO CredentialManager] Creating credential type: OAuth
[2025-01-28 14:12:40Z INFO HostContext] Well known directory 'Bin': '/Users/macpro/demo/terraform/diplom-eks/actions-runner/bin'
[2025-01-28 14:12:40Z INFO HostContext] Well known directory 'Root': '/Users/macpro/demo/terraform/diplom-eks/actions-runner'
[2025-01-28 14:12:40Z INFO HostContext] Well known config file 'RSACredentials': '/Users/macpro/demo/terraform/diplom-eks/actions-runner/.credentials_rsaparams'
[2025-01-28 14:12:40Z INFO RSAFileKeyManager] Loading RSA key parameters from file /Users/macpro/demo/terraform/diplom-eks/actions-runner/.credentials_rsaparams
[2025-01-28 14:12:40Z INFO MessageListener] Attempt to create session.
[2025-01-28 14:12:40Z INFO MessageListener] Connecting to the Runner Server...
[2025-01-28 14:12:40Z INFO RunnerServer] EstablishVssConnection
[2025-01-28 14:12:40Z INFO RunnerServer] Establish connection with 100 seconds timeout.
[2025-01-28 14:12:40Z INFO GitHubActionsService] Starting operation Location.GetConnectionData
[2025-01-28 14:12:40Z INFO RunnerServer] EstablishVssConnection
[2025-01-28 14:12:40Z INFO RunnerServer] Establish connection with 60 seconds timeout.
[2025-01-28 14:12:40Z INFO GitHubActionsService] Starting operation Location.GetConnectionData
[2025-01-28 14:12:40Z INFO RunnerServer] EstablishVssConnection
[2025-01-28 14:12:40Z INFO RunnerServer] Establish connection with 60 seconds timeout.
[2025-01-28 14:12:40Z INFO GitHubActionsService] Starting operation Location.GetConnectionData
[2025-01-28 14:12:40Z INFO GitHubActionsService] Finished operation Location.GetConnectionData
[2025-01-28 14:12:40Z INFO GitHubActionsService] Finished operation Location.GetConnectionData
[2025-01-28 14:12:40Z INFO GitHubActionsService] Finished operation Location.GetConnectionData
[2025-01-28 14:12:41Z INFO MessageListener] VssConnection created
[2025-01-28 14:12:41Z INFO Terminal] WRITE LINE: 
[2025-01-28 14:12:41Z INFO Terminal] WRITE LINE: 
[2025-01-28 14:12:41Z INFO RSAFileKeyManager] Loading RSA key parameters from file /Users/macpro/demo/terraform/diplom-eks/actions-runner/.credentials_rsaparams
[2025-01-28 14:12:41Z INFO RSAFileKeyManager] Loading RSA key parameters from file /Users/macpro/demo/terraform/diplom-eks/actions-runner/.credentials_rsaparams
[2025-01-28 14:12:41Z INFO GitHubActionsService] AAD Correlation ID for this token request: Unknown
[2025-01-28 14:12:41Z INFO MessageListener] Session created.
[2025-01-28 14:12:41Z INFO Terminal] WRITE LINE: Current runner version: '2.322.0'
[2025-01-28 14:12:41Z INFO Terminal] WRITE LINE: 2025-01-28 14:12:41Z: Listening for Jobs
[2025-01-28 14:12:41Z INFO JobDispatcher] Set runner/worker IPC timeout to 30 seconds.
[2025-01-28 14:12:42Z INFO RSAFileKeyManager] Loading RSA key parameters from file /Users/macpro/demo/terraform/diplom-eks/actions-runner/.credentials_rsaparams
[2025-01-28 14:12:42Z INFO GitHubActionsService] AAD Correlation ID for this token request: Unknown
